VirtualBox (XP)COM Server 4.1.12_Ubuntu r77245 linux.amd64 (Apr  2 2013 20:20:24) release log
00:00:00.017 main     Log opened 2013-06-18T04:22:46.422574000Z
00:00:00.017 main     OS Product: Linux
00:00:00.017 main     OS Release: 3.5.0-23-generic
00:00:00.017 main     OS Version: #35~precise1-Ubuntu SMP Fri Jan 25 17:13:26 UTC 2013
00:00:00.017 main     OS Service Pack: #35~precise1-Ubuntu SMP Fri Jan 25 17:13:26 UTC 2013
00:00:00.017 main     Executable: /usr/lib/virtualbox/VBoxSVC
00:00:00.017 main     Process ID: 2117
00:00:00.017 main     Package type: LINUX_64BITS_GENERIC (OSE)
00:00:00.176 nspr-2   Loading settings file "/home/nguyen/.VirtualBox/VirtualBox.xml" with version "1.12-linux"
00:00:00.335 nspr-2   VDInit finished
00:00:00.391 nspr-2   Loading settings file "/home/nguyen/VirtualBox VMs/windowsxp/windowsxp.vbox" with version "1.12-linux"
00:00:01.995 nspr-2   WARNING [COM]: aRC=NS_ERROR_FAILURE (0x80004005) aIID={dab4a2b8-c735-4f08-94fc-9bec84182e2f} aComponent={Host} aText={VirtualBox is not currently allowed to access USB devices.  You can change this by adding your user to the 'vboxusers' group.  Please see the user manual for a more detailed explanation}, preserve=true 
00:00:02.054 nspr-2   WARNING [COM]: aRC=NS_ERROR_FAILURE (0x80004005) aIID={dab4a2b8-c735-4f08-94fc-9bec84182e2f} aComponent={Host} aText={VirtualBox is not currently allowed to access USB devices.  You can change this by adding your user to the 'vboxusers' group.  Please see the user manual for a more detailed explanation}, preserve=true 
00:00:05.489 nspr-2   ERROR [COM]: aRC=VBOX_E_INVALID_VM_STATE (0x80bb0002) aIID={5eaa9319-62fc-4b0a-843c-0cb1940f8a91} aComponent={Machine} aText={Machine is not locked for session (session state: Unlocked)}, preserve=false
00:00:05.566 nspr-2   WARNING [COM]: aRC=NS_ERROR_FAILURE (0x80004005) aIID={dab4a2b8-c735-4f08-94fc-9bec84182e2f} aComponent={Host} aText={VirtualBox is not currently allowed to access USB devices.  You can change this by adding your user to the 'vboxusers' group.  Please see the user manual for a more detailed explanation}, preserve=true 
00:00:05.593 nspr-2   WARNING [COM]: aRC=NS_ERROR_FAILURE (0x80004005) aIID={dab4a2b8-c735-4f08-94fc-9bec84182e2f} aComponent={Host} aText={VirtualBox is not currently allowed to access USB devices.  You can change this by adding your user to the 'vboxusers' group.  Please see the user manual for a more detailed explanation}, preserve=true 
00:00:05.829 nspr-2   WARNING [COM]: aRC=NS_ERROR_FAILURE (0x80004005) aIID={dab4a2b8-c735-4f08-94fc-9bec84182e2f} aComponent={Host} aText={VirtualBox is not currently allowed to access USB devices.  You can change this by adding your user to the 'vboxusers' group.  Please see the user manual for a more detailed explanation}, preserve=true 
00:00:05.848 nspr-2   WARNING [COM]: aRC=NS_ERROR_FAILURE (0x80004005) aIID={dab4a2b8-c735-4f08-94fc-9bec84182e2f} aComponent={Host} aText={VirtualBox is not currently allowed to access USB devices.  You can change this by adding your user to the 'vboxusers' group.  Please see the user manual for a more detailed explanation}, preserve=true 
00:00:05.857 nspr-2   WARNING [COM]: aRC=NS_ERROR_FAILURE (0x80004005) aIID={dab4a2b8-c735-4f08-94fc-9bec84182e2f} aComponent={Host} aText={VirtualBox is not currently allowed to access USB devices.  You can change this by adding your user to the 'vboxusers' group.  Please see the user manual for a more detailed explanation}, preserve=true 
00:00:05.899 nspr-2   WARNING [COM]: aRC=NS_ERROR_FAILURE (0x80004005) aIID={dab4a2b8-c735-4f08-94fc-9bec84182e2f} aComponent={Host} aText={VirtualBox is not currently allowed to access USB devices.  You can change this by adding your user to the 'vboxusers' group.  Please see the user manual for a more detailed explanation}, preserve=true 
00:00:05.916 nspr-3   ERROR [COM]: aRC=VBOX_E_IPRT_ERROR (0x80bb0005) aIID={5eaa9319-62fc-4b0a-843c-0cb1940f8a91} aComponent={SessionMachine} aText={Saved screenshot data is not available (VERR_NOT_SUPPORTED)}, preserve=false
00:00:05.920 nspr-2   WARNING [COM]: aRC=NS_ERROR_FAILURE (0x80004005) aIID={dab4a2b8-c735-4f08-94fc-9bec84182e2f} aComponent={Host} aText={VirtualBox is not currently allowed to access USB devices.  You can change this by adding your user to the 'vboxusers' group.  Please see the user manual for a more detailed explanation}, preserve=true 
00:00:05.934 nspr-2   WARNING [COM]: aRC=NS_ERROR_FAILURE (0x80004005) aIID={dab4a2b8-c735-4f08-94fc-9bec84182e2f} aComponent={Host} aText={VirtualBox is not currently allowed to access USB devices.  You can change this by adding your user to the 'vboxusers' group.  Please see the user manual for a more detailed explanation}, preserve=true 
00:00:06.035 nspr-2   WARNING [COM]: aRC=NS_ERROR_FAILURE (0x80004005) aIID={dab4a2b8-c735-4f08-94fc-9bec84182e2f} aComponent={Host} aText={VirtualBox is not currently allowed to access USB devices.  You can change this by adding your user to the 'vboxusers' group.  Please see the user manual for a more detailed explanation}, preserve=true 
00:00:06.208 nspr-3   WARNING [COM]: aRC=NS_ERROR_FAILURE (0x80004005) aIID={dab4a2b8-c735-4f08-94fc-9bec84182e2f} aComponent={Host} aText={VirtualBox is not currently allowed to access USB devices.  You can change this by adding your user to the 'vboxusers' group.  Please see the user manual for a more detailed explanation}, preserve=true 
00:00:06.636 nspr-2   WARNING [COM]: aRC=NS_ERROR_FAILURE (0x80004005) aIID={dab4a2b8-c735-4f08-94fc-9bec84182e2f} aComponent={Host} aText={VirtualBox is not currently allowed to access USB devices.  You can change this by adding your user to the 'vboxusers' group.  Please see the user manual for a more detailed explanation}, preserve=true 
01:05:17.999 nspr-2   WARNING [COM]: aRC=NS_ERROR_FAILURE (0x80004005) aIID={dab4a2b8-c735-4f08-94fc-9bec84182e2f} aComponent={Host} aText={VirtualBox is not currently allowed to access USB devices.  You can change this by adding your user to the 'vboxusers' group.  Please see the user manual for a more detailed explanation}, preserve=true 
01:05:19.347 nspr-3   WARNING [COM]: aRC=NS_ERROR_FAILURE (0x80004005) aIID={dab4a2b8-c735-4f08-94fc-9bec84182e2f} aComponent={Host} aText={VirtualBox is not currently allowed to access USB devices.  You can change this by adding your user to the 'vboxusers' group.  Please see the user manual for a more detailed explanation}, preserve=true 
01:05:20.143 nspr-3   WARNING [COM]: aRC=NS_ERROR_FAILURE (0x80004005) aIID={dab4a2b8-c735-4f08-94fc-9bec84182e2f} aComponent={Host} aText={VirtualBox is not currently allowed to access USB devices.  You can change this by adding your user to the 'vboxusers' group.  Please see the user manual for a more detailed explanation}, preserve=true 
01:05:20.163 nspr-5   WARNING [COM]: aRC=NS_ERROR_FAILURE (0x80004005) aIID={dab4a2b8-c735-4f08-94fc-9bec84182e2f} aComponent={Host} aText={VirtualBox is not currently allowed to access USB devices.  You can change this by adding your user to the 'vboxusers' group.  Please see the user manual for a more detailed explanation}, preserve=true 
01:05:31.676 main     ERROR [COM]: aRC=VBOX_E_OBJECT_IN_USE (0x80bb000c) aIID={53f9cc0c-e0fd-40a5-a404-a7a5272082cd} aComponent={Medium} aText={Medium '/home/nguyen/VirtualBox VMs/windowsxp/windowsxp.hdd' cannot be closed because it is still attached to 1 virtual machines}, preserve=false
01:05:31.927 Watcher  ERROR [COM]: aRC=E_ACCESSDENIED (0x80070005) aIID={c28be65f-1a8f-43b4-81f1-eb60cb516e66} aComponent={VirtualBox} aText={The object is not ready}, preserve=false
